0 info it worked if it ends with ok
1 verbose cli [ '/usr/bin/nodejs', '/usr/bin/npm', 'install', 'http' ]
2 info using npm@1.4.21
3 info using node@v0.10.42
4 warn package.json fs@0.0.2 No description
5 warn package.json fs@0.0.2 No repository field.
6 warn package.json fs@0.0.2 No README data
7 verbose readDependencies using package.json deps
8 verbose cache add [ 'http', null ]
9 verbose cache add name=undefined spec="http" args=["http",null]
10 verbose parsed url { protocol: null,
10 verbose parsed url   slashes: null,
10 verbose parsed url   auth: null,
10 verbose parsed url   host: null,
10 verbose parsed url   port: null,
10 verbose parsed url   hostname: null,
10 verbose parsed url   hash: null,
10 verbose parsed url   search: null,
10 verbose parsed url   query: null,
10 verbose parsed url   pathname: 'http',
10 verbose parsed url   path: 'http',
10 verbose parsed url   href: 'http' }
11 silly lockFile 77b5f8e3-http http
12 verbose lock http /root/.npm/77b5f8e3-http.lock
13 silly lockFile 77b5f8e3-http http
14 silly lockFile 77b5f8e3-http http
15 verbose addNamed [ 'http', '' ]
16 verbose addNamed [ null, '*' ]
17 silly lockFile c1086ff9-http http@
18 verbose lock http@ /root/.npm/c1086ff9-http.lock
19 silly addNameRange { name: 'http', range: '*', hasData: false }
20 verbose request where is /http
21 verbose request registry https://registry.npmjs.org/
22 verbose request id 4bde358fd9cb749e
23 verbose url raw /http
24 verbose url resolving [ 'https://registry.npmjs.org/', './http' ]
25 verbose url resolved https://registry.npmjs.org/http
26 verbose request where is https://registry.npmjs.org/http
27 info trying registry request attempt 1 at 20:50:49
28 http GET https://registry.npmjs.org/http
29 info retry will retry, error on last attempt: Error: getaddrinfo ENOTFOUND
30 info trying registry request attempt 2 at 20:51:00
31 http GET https://registry.npmjs.org/http
32 info retry will retry, error on last attempt: Error: getaddrinfo ENOTFOUND
33 info trying registry request attempt 3 at 20:52:00
34 http GET https://registry.npmjs.org/http
35 silly lockFile c1086ff9-http http@
36 silly lockFile c1086ff9-http http@
37 error network getaddrinfo ENOTFOUND
37 error network This is most likely not a problem with npm itself
37 error network and is related to network connectivity.
37 error network In most cases you are behind a proxy or have bad network settings.
37 error network
37 error network If you are behind a proxy, please make sure that the
37 error network 'proxy' config is set properly.  See: 'npm help config'
38 error System Linux 3.8.13-bone80
39 error command "/usr/bin/nodejs" "/usr/bin/npm" "install" "http"
40 error cwd /home/debian/NetworkAnalyzerBone/webapp
41 error node -v v0.10.42
42 error npm -v 1.4.21
43 error syscall getaddrinfo
44 error code ENOTFOUND
45 error errno ENOTFOUND
46 verbose exit [ 1, true ]
